


ARM Macro Assembler    Page 1 


    1 00000000                 AREA             APP_IROM, CODE, READONLY
    2 00000000         
    3 00000000 08 04 00 
              20 A1 C1 
              00 08 A9 
              C1 00 08 
              AB C1 00 
              08 AD C1 
              00 08 AF 
              C1 00 08 
              B1 C1 00 
              08 00 00 
              00 00 00 
              00 00 00 
              00 00 00 
              00 00 00 
              00 00 B3 
              C1 00 08 
              B5 C1 00 
              08 00 00 
              00 00 B7 
              C1 00 08 
              C1 C9 00 
              08 71 CC 
              00 08 D1 
              C8 00 08 
              C5 C9 00 
              08 2D C9 
              00 08 AD 
              C6 00 08 
              ED C8 00 
              08 C9 C5 
              00 08 0D 
              C6 00 08 
              2D C6 00 
              08 4D C6 
              00 08 6D 
              C6 00 08 
              4D C3 00 
              08 71 C3 
              00 08 95 
              C3 00 08 
              B9 C3 00 
              08 DD C3 
              00 08 01 
              C4 00 08 
              25 C4 00 
              08 15 C2 
              00 08 91 
              C2 00 08 
              31 C2 00 
              08 51 C2 
              00 08 71 
              C2 00 08 
              8D C6 00 
              08 E9 C9 
              00 08 5D 
              CA 00 08 
              31 CA 00 



ARM Macro Assembler    Page 2 


              08 11 CA 
              00 08 BB 
              C1 00 08 
              85 CA 00 
              08 A1 CA 
              00 08 29 
              C7 00 08 
              09 C7 00 
              08 69 C7 
              00 08 49 
              C7 00 08 
              69 C9 00 
              08 89 C9 
              00 08 F1 
              CB 00 08 
              11 CC 00 
              08 31 CC 
              00 08 E9 
              C5 00 08 
              09 C9 00 
              08 19 C8 
              00 08 15 
              CB 00 08 
              89 CB 00 
              08 5D CB 
              00 08 3D 
              CB 00 08 
              49 C4 00 
              08 CD C6 
              00 08 4D 
              C9 00 08 
              BD CA 00 
              08 A5 C9 
              00 08 B1 
              CB 00 08 
              D1 CB 00 
              08 D9 CA 
              00 08 F9 
              CA 00 08 
              6D C4 00 
              08 91 C4 
              00 08 B5 
              C4 00 08 
              D9 C4 00 
              08 FD C4 
              00 08 8D 
              C5 00 08 
              A9 C5 00 
              08 11 C3 
              00 08 B1 
              C2 00 08 
              D1 C2 00 
              08 F1 C2 
              00 08 F9 
              C7 00 08 
              21 C5 00 
              08 45 C5 
              00 08 69 
              C5 00 08 



ARM Macro Assembler    Page 3 


              51 CC 00 
              08 A9 C7 
              00 08 89 
              C7 00 08 
              65 C8 00 
              08 3D C8 
              00 08 AD 
              C8 00 08 
              8D C8 00 
              08 31 C3 
              00 08 00 
              00 00 00 
              E9 C6 00 
              08 DF F8 
              0C D0 00 
              F0 32 F8 
              00 48 00 
              47 6D CE 
              00 08 08 
              04 00 20 
              01 68 8D 
              46 40 68 
              80 47 06 
              48 80 47 
              06 48 00 
              47 FE E7 
              FE E7 FE 
              E7 FE E7 
              FE E7 FE 
              E7 FE E7 
              FE E7 FE 
              E7 FE E7 
              C3 C9 00 
              08 85 C1 
              00 08 30 
              B5 0B 46 
              01 46 00 
              20 20 22 
              01 24 09 
              E0 21 FA 
              02 F5 9D 
              42 05 D3 
              03 FA 02 
              F5 49 1B 
              04 FA 02 
              F5 28 44 
              15 1E A2 
              F1 01 02 
              F1 DC 30 
              BD 06 4C 
              07 4D 06 
              E0 E0 68 
              40 F0 01 
              03 94 E8 
              07 00 98 
              47 10 34 
              AC 42 F6 
              D3 FF F7 
              C0 FF F4 



ARM Macro Assembler    Page 4 


              CE 00 08 
              14 CF 00 
              08 10 B5 
              02 A0 00 
              F0 38 FD 
              10 BD 00 
              00 41 44 
              43 5F 49 
              52 51 48 
              61 6E 64 
              6C 65 72 
              00 00 10 
              B5 02 A0 
              00 F0 2A 
              FD 10 BD 
              00 00 43 
              41 4E 31 
              5F 52 58 
              30 5F 49 
              52 51 48 
              61 6E 64 
              6C 65 72 
              00 10 B5 
              02 A0 00 
              F0 1A FD 
              10 BD 00 
              00 43 41 
              4E 31 5F 
              52 58 31 
              5F 49 52 
              51 48 61 
              6E 64 6C 
              65 72 00 
              10 B5 02 
              A0 00 F0 
              0A FD 10 
              BD 00 00 
              43 41 4E 
              31 5F 53 
              43 45 5F 
              49 52 51 
              48 61 6E 
              64 6C 65 
              72 00 10 
              B5 02 A0 
              00 F0 FA 
              FC 10 BD 
              00 00 43 
              41 4E 31 
              5F 54 58 
              5F 49 52 
              51 48 61 
              6E 64 6C 
              65 72 00 
              00 10 B5 
              02 A0 00 
              F0 EA FC 
              10 BD 00 
              00 43 41 



ARM Macro Assembler    Page 5 


              4E 32 5F 
              52 58 30 
              5F 49 52 
              51 48 61 
              6E 64 6C 
              65 72 00 
              10 B5 02 
              A0 00 F0 
              DA FC 10 
              BD 00 00 
              43 41 4E 
              32 5F 52 
              58 31 5F 
              49 52 51 
              48 61 6E 
              64 6C 65 
              72 00 10 
              B5 02 A0 
              00 F0 CA 
              FC 10 BD 
              00 00 43 
              41 4E 32 
              5F 53 43 
              45 5F 49 
              52 51 48 
              61 6E 64 
              6C 65 72 
              00 10 B5 
              02 A0 00 
              F0 BA FC 
              10 BD 00 
              00 43 41 
              4E 32 5F 
              54 58 5F 
              49 52 51 
              48 61 6E 
              64 6C 65 
              72 00 00 
              10 B5 02 
              A0 00 F0 
              AA FC 10 
              BD 00 00 
              44 43 4D 
              49 5F 49 
              52 51 48 
              61 6E 64 
              6C 65 72 
              00 10 B5 
              02 A0 00 
              F0 9C FC 
              10 BD 00 
              00 44 4D 
              41 31 5F 
              53 74 72 
              65 61 6D 
              30 5F 49 
              52 51 48 
              61 6E 64 
              6C 65 72 



ARM Macro Assembler    Page 6 


              00 10 B5 
              02 A0 00 
              F0 8A FC 
              10 BD 00 
              00 44 4D 
              41 31 5F 
              53 74 72 
              65 61 6D 
              31 5F 49 
              52 51 48 
              61 6E 64 
              6C 65 72 
              00 10 B5 
              02 A0 00 
              F0 78 FC 
              10 BD 00 
              00 44 4D 
              41 31 5F 
              53 74 72 
              65 61 6D 
              32 5F 49 
              52 51 48 
              61 6E 64 
              6C 65 72 
              00 10 B5 
              02 A0 00 
              F0 66 FC 
              10 BD 00 
              00 44 4D 
              41 31 5F 
              53 74 72 
              65 61 6D 
              33 5F 49 
              52 51 48 
              61 6E 64 
              6C 65 72 
              00 10 B5 
              02 A0 00 
              F0 54 FC 
              10 BD 00 
              00 44 4D 
              41 31 5F 
              53 74 72 
              65 61 6D 
              34 5F 49 
              52 51 48 
              61 6E 64 
              6C 65 72 
              00 10 B5 
              02 A0 00 
              F0 42 FC 
              10 BD 00 
              00 44 4D 
              41 31 5F 
              53 74 72 
              65 61 6D 
              35 5F 49 
              52 51 48 
              61 6E 64 



ARM Macro Assembler    Page 7 


              6C 65 72 
              00 10 B5 
              02 A0 00 
              F0 30 FC 
              10 BD 00 
              00 44 4D 
              41 31 5F 
              53 74 72 
              65 61 6D 
              36 5F 49 
              52 51 48 
              61 6E 64 
              6C 65 72 
              00 10 B5 
              02 A0 00 
              F0 1E FC 
              10 BD 00 
              00 44 4D 
              41 31 5F 
              53 74 72 
              65 61 6D 
              37 5F 49 
              52 51 48 
              61 6E 64 
              6C 65 72 
              00 10 B5 
              02 A0 00 
              F0 0C FC 
              10 BD 00 
              00 44 4D 
              41 32 5F 
              53 74 72 
              65 61 6D 
              30 5F 49 
              52 51 48 
              61 6E 64 
              6C 65 72 
              00 10 B5 
              02 A0 00 
              F0 FA FB 
              10 BD 00 
              00 44 4D 
              41 32 5F 
              53 74 72 
              65 61 6D 
              31 5F 49 
              52 51 48 
              61 6E 64 
              6C 65 72 
              00 10 B5 
              02 A0 00 
              F0 E8 FB 
              10 BD 00 
              00 44 4D 
              41 32 5F 
              53 74 72 
              65 61 6D 
              32 5F 49 
              52 51 48 



ARM Macro Assembler    Page 8 


              61 6E 64 
              6C 65 72 
              00 10 B5 
              02 A0 00 
              F0 D6 FB 
              10 BD 00 
              00 44 4D 
              41 32 5F 
              53 74 72 
              65 61 6D 
              33 5F 49 
              52 51 48 
              61 6E 64 
              6C 65 72 
              00 10 B5 
              02 A0 00 
              F0 C4 FB 
              10 BD 00 
              00 44 4D 
              41 32 5F 
              53 74 72 
              65 61 6D 
              34 5F 49 
              52 51 48 
              61 6E 64 
              6C 65 72 
              00 10 B5 
              02 A0 00 
              F0 B2 FB 
              10 BD 00 
              00 44 4D 
              41 32 5F 
              53 74 72 
              65 61 6D 
              35 5F 49 
              52 51 48 
              61 6E 64 
              6C 65 72 
              00 10 B5 
              02 A0 00 
              F0 A0 FB 
              10 BD 00 
              00 44 4D 
              41 32 5F 
              53 74 72 
              65 61 6D 
              36 5F 49 
              52 51 48 
              61 6E 64 
              6C 65 72 
              00 10 B5 
              02 A0 00 
              F0 8E FB 
              10 BD 00 
              00 44 4D 
              41 32 5F 
              53 74 72 
              65 61 6D 
              37 5F 49 



ARM Macro Assembler    Page 9 


              52 51 48 
              61 6E 64 
              6C 65 72 
              00 10 B5 
              02 A0 00 
              F0 7C FB 
              10 BD 00 
              00 45 54 
              48 5F 49 
              52 51 48 
              61 6E 64 
              6C 65 72 
              00 00 10 
              B5 02 A0 
              00 F0 6E 
              FB 10 BD 
              00 00 45 
              54 48 5F 
              57 4B 55 
              50 5F 49 
              52 51 48 
              61 6E 64 
              6C 65 72 
              00 10 B5 
              02 A0 00 
              F0 5E FB 
              10 BD 00 
              00 45 58 
              54 49 30 
              5F 49 52 
              51 48 61 
              6E 64 6C 
              65 72 00 
              00 00 00 
              10 B5 02 
              A0 00 F0 
              4E FB 10 
              BD 00 00 
              45 58 54 
              49 31 35 
              5F 31 30 
              5F 49 52 
              51 48 61 
              6E 64 6C 
              65 72 00 
              00 00 00 
              10 B5 02 
              A0 00 F0 
              3C FB 10 
              BD 00 00 
              45 58 54 
              49 31 5F 
              49 52 51 
              48 61 6E 
              64 6C 65 
              72 00 00 
              00 00 10 
              B5 02 A0 
              00 F0 2C 



ARM Macro Assembler    Page 10 


              FB 10 BD 
              00 00 45 
              58 54 49 
              32 5F 49 
              52 51 48 
              61 6E 64 
              6C 65 72 
              00 00 00 
              00 10 B5 
              02 A0 00 
              F0 1C FB 
              10 BD 00 
              00 45 58 
              54 49 33 
              5F 49 52 
              51 48 61 
              6E 64 6C 
              65 72 00 
              00 00 00 
              10 B5 02 
              A0 00 F0 
              0C FB 10 
              BD 00 00 
              45 58 54 
              49 34 5F 
              49 52 51 
              48 61 6E 
              64 6C 65 
              72 00 00 
              00 00 10 
              B5 02 A0 
              00 F0 FC 
              FA 10 BD 
              00 00 45 
              58 54 49 
              39 5F 35 
              5F 49 52 
              51 48 61 
              6E 64 6C 
              65 72 00 
              00 10 B5 
              02 A0 00 
              F0 EC FA 
              10 BD 00 
              00 46 4C 
              41 53 48 
              5F 49 52 
              51 48 61 
              6E 64 6C 
              65 72 00 
              00 00 00 
              10 B5 02 
              A0 00 F0 
              DC FA 10 
              BD 00 00 
              46 53 4D 
              43 5F 49 
              52 51 48 
              61 6E 64 



ARM Macro Assembler    Page 11 


              6C 65 72 
              00 10 B5 
              02 A0 00 
              F0 CE FA 
              10 BD 00 
              00 48 41 
              53 48 5F 
              52 4E 47 
              5F 49 52 
              51 48 61 
              6E 64 6C 
              65 72 00 
              10 B5 02 
              A0 00 F0 
              BE FA 10 
              BD 00 00 
              49 32 43 
              31 5F 45 
              52 5F 49 
              52 51 48 
              61 6E 64 
              6C 65 72 
              00 00 10 
              B5 02 A0 
              00 F0 AE 
              FA 10 BD 
              00 00 49 
              32 43 31 
              5F 45 56 
              5F 49 52 
              51 48 61 
              6E 64 6C 
              65 72 00 
              00 10 B5 
              02 A0 00 
              F0 9E FA 
              10 BD 00 
              00 49 32 
              43 32 5F 
              45 52 5F 
              49 52 51 
              48 61 6E 
              64 6C 65 
              72 00 00 
              10 B5 02 
              A0 00 F0 
              8E FA 10 
              BD 00 00 
              49 32 43 
              32 5F 45 
              56 5F 49 
              52 51 48 
              61 6E 64 
              6C 65 72 
              00 00 10 
              B5 02 A0 
              00 F0 7E 
              FA 10 BD 
              00 00 49 



ARM Macro Assembler    Page 12 


              32 43 33 
              5F 45 52 
              5F 49 52 
              51 48 61 
              6E 64 6C 
              65 72 00 
              00 10 B5 
              02 A0 00 
              F0 6E FA 
              10 BD 00 
              00 49 32 
              43 33 5F 
              45 56 5F 
              49 52 51 
              48 61 6E 
              64 6C 65 
              72 00 00 
              0A 49 09 
              68 01 F0 
              01 01 71 
              B1 08 49 
              80 39 09 
              68 01 F0 
              01 01 41 
              B1 00 BF 
              4F F0 60 
              41 09 68 
              00 29 FA 
              D0 4F F0 
              60 42 10 
              70 70 47 
              00 00 80 
              0E 00 E0 
              10 B5 02 
              A0 00 F0 
              46 FA 10 
              BD 00 00 
              4F 54 47 
              5F 46 53 
              5F 49 52 
              51 48 61 
              6E 64 6C 
              65 72 00 
              00 00 10 
              B5 02 A0 
              00 F0 36 
              FA 10 BD 
              00 00 4F 
              54 47 5F 
              46 53 5F 
              57 4B 55 
              50 5F 49 
              52 51 48 
              61 6E 64 
              6C 65 72 
              00 00 10 
              B5 02 A0 
              00 F0 24 
              FA 10 BD 



ARM Macro Assembler    Page 13 


              00 00 4F 
              54 47 5F 
              48 53 5F 
              45 50 31 
              5F 49 4E 
              5F 49 52 
              51 48 61 
              6E 64 6C 
              65 72 00 
              00 00 00 
              10 B5 02 
              A0 00 F0 
              10 FA 10 
              BD 00 00 
              4F 54 47 
              5F 48 53 
              5F 45 50 
              31 5F 4F 
              55 54 5F 
              49 52 51 
              48 61 6E 
              64 6C 65 
              72 00 00 
              00 10 B5 
              02 A0 00 
              F0 FC F9 
              10 BD 00 
              00 4F 54 
              47 5F 48 
              53 5F 49 
              52 51 48 
              61 6E 64 
              6C 65 72 
              00 00 00 
              10 B5 02 
              A0 00 F0 
              EC F9 10 
              BD 00 00 
              4F 54 47 
              5F 48 53 
              5F 57 4B 
              55 50 5F 
              49 52 51 
              48 61 6E 
              64 6C 65 
              72 00 00 
              10 B5 02 
              A0 00 F0 
              DA F9 10 
              BD 00 00 
              50 56 44 
              5F 49 52 
              51 48 61 
              6E 64 6C 
              65 72 00 
              00 10 B5 
              02 A0 00 
              F0 CC F9 
              10 BD 00 



ARM Macro Assembler    Page 14 


              00 52 43 
              43 5F 49 
              52 51 48 
              61 6E 64 
              6C 65 72 
              00 00 10 
              B5 02 A0 
              00 F0 BE 
              F9 10 BD 
              00 00 52 
              54 43 5F 
              41 6C 61 
              72 6D 5F 
              49 52 51 
              48 61 6E 
              64 6C 65 
              72 00 00 
              00 00 10 
              B5 02 A0 
              00 F0 AC 
              F9 10 BD 
              00 00 52 
              54 43 5F 
              57 4B 55 
              50 5F 49 
              52 51 48 
              61 6E 64 
              6C 65 72 
              00 10 B5 
              02 A0 00 
              F0 9C F9 
              10 BD 00 
              00 53 44 
              49 4F 5F 
              49 52 51 
              48 61 6E 
              64 6C 65 
              72 00 10 
              B5 02 A0 
              00 F0 8E 
              F9 10 BD 
              00 00 49 
              32 43 32 
              5F 45 52 
              5F 49 52 
              51 48 61 
              6E 64 6C 
              65 72 00 
              00 10 B5 
              02 A0 00 
              F0 7E F9 
              10 BD 00 
              00 53 50 
              49 32 5F 
              49 52 51 
              48 61 6E 
              64 6C 65 
              72 00 10 
              B5 02 A0 



ARM Macro Assembler    Page 15 


              00 F0 70 
              F9 10 BD 
              00 00 53 
              50 49 33 
              5F 49 52 
              51 48 61 
              6E 64 6C 
              65 72 00 
              70 47 70 
              47 10 B5 
              02 A0 00 
              F0 60 F9 
              10 BD 00 
              00 54 41 
              4D 50 5F 
              53 54 41 
              4D 50 5F 
              49 52 51 
              48 61 6E 
              64 6C 65 
              72 00 00 
              00 10 B5 
              02 A0 00 
              F0 4E F9 
              10 BD 00 
              00 54 49 
              4D 31 5F 
              42 52 4B 
              5F 54 49 
              4D 39 5F 
              49 52 51 
              48 61 6E 
              64 6C 65 
              72 00 00 
              00 00 10 
              B5 02 A0 
              00 F0 3A 
              F9 10 BD 
              00 00 54 
              49 4D 31 
              5F 43 43 
              5F 49 52 
              51 48 61 
              6E 64 6C 
              65 72 00 
              00 10 B5 
              02 A0 00 
              F0 2A F9 
              10 BD 00 
              00 54 49 
              4D 31 5F 
              54 52 47 
              5F 43 4F 
              4D 5F 54 
              49 4D 31 
              31 5F 49 
              52 51 48 
              61 6E 64 
              6C 65 72 



ARM Macro Assembler    Page 16 


              00 00 00 
              10 B5 02 
              A0 00 F0 
              14 F9 10 
              BD 00 00 
              54 49 4D 
              31 5F 55 
              50 5F 54 
              49 4D 31 
              30 5F 49 
              52 51 48 
              61 6E 64 
              6C 65 72 
              00 00 00 
              00 10 B5 
              02 A0 00 
              F0 00 F9 
              10 BD 00 
              00 54 49 
              4D 33 5F 
              49 52 51 
              48 61 6E 
              64 6C 65 
              72 00 10 
              B5 02 A0 
              00 F0 F2 
              F8 10 BD 
              00 00 54 
              49 4D 34 
              5F 49 52 
              51 48 61 
              6E 64 6C 
              65 72 00 
              10 B5 02 
              A0 00 F0 
              E4 F8 10 
              BD 00 00 
              54 49 4D 
              35 5F 49 
              52 51 48 
              61 6E 64 
              6C 65 72 
              00 10 B5 
              02 A0 00 
              F0 D6 F8 
              10 BD 00 
              00 54 49 
              4D 36 5F 
              44 41 43 
              5F 49 52 
              51 48 61 
              6E 64 6C 
              65 72 00 
              10 B5 02 
              A0 00 F0 
              C6 F8 10 
              BD 00 00 
              54 49 4D 
              37 5F 49 



ARM Macro Assembler    Page 17 


              52 51 48 
              61 6E 64 
              6C 65 72 
              00 10 B5 
              02 A0 00 
              F0 B8 F8 
              10 BD 00 
              00 54 49 
              4D 38 5F 
              42 52 4B 
              5F 54 49 
              4D 31 32 
              5F 49 52 
              51 48 61 
              6E 64 6C 
              65 72 00 
              00 00 10 
              B5 02 A0 
              00 F0 A4 
              F8 10 BD 
              00 00 54 
              49 4D 38 
              5F 43 43 
              5F 49 52 
              51 48 61 
              6E 64 6C 
              65 72 00 
              00 10 B5 
              02 A0 00 
              F0 94 F8 
              10 BD 00 
              00 54 49 
              4D 38 5F 
              54 52 47 
              5F 43 4F 
              4D 5F 54 
              49 4D 31 
              34 5F 49 
              52 51 48 
              61 6E 64 
              6C 65 72 
              00 00 00 
              10 B5 02 
              A0 00 F0 
              7E F8 10 
              BD 00 00 
              54 49 4D 
              38 5F 55 
              50 5F 54 
              49 4D 31 
              33 5F 49 
              52 51 48 
              61 6E 64 
              6C 65 72 
              00 00 00 
              00 10 B5 
              02 A0 00 
              F0 6A F8 
              10 BD 00 



ARM Macro Assembler    Page 18 


              00 55 41 
              52 54 34 
              5F 49 52 
              51 48 61 
              6E 64 6C 
              65 72 00 
              00 00 00 
              10 B5 02 
              A0 00 F0 
              5A F8 10 
              BD 00 00 
              55 41 52 
              54 35 5F 
              49 52 51 
              48 61 6E 
              64 6C 65 
              72 00 00 
              00 00 10 
              B5 02 A0 
              00 F0 4A 
              F8 10 BD 
              00 00 55 
              53 41 52 
              54 31 5F 
              49 52 51 
              48 61 6E 
              64 6C 65 
              72 00 00 
              00 10 B5 
              02 A0 00 
              F0 3A F8 
              10 BD 00 
              00 55 53 
              41 52 54 
              32 5F 49 
              52 51 48 
              61 6E 64 
              6C 65 72 
              00 00 00 
              10 B5 02 
              A0 00 F0 
              2A F8 10 
              BD 00 00 
              55 53 41 
              52 54 33 
              5F 49 52 
              51 48 61 
              6E 64 6C 
              65 72 00 
              00 00 10 
              B5 02 A0 
              00 F0 1A 
              F8 10 BD 
              00 00 55 
              53 41 52 
              54 36 5F 
              49 52 51 
              48 61 6E 
              64 6C 65 



ARM Macro Assembler    Page 19 


              72 00 00 
              00 10 B5 
              02 A0 00 
              F0 0A F8 
              10 BD 00 
              00 57 57 
              44 47 5F 
              49 52 51 
              48 61 6E 
              64 6C 65 
              72 00 0F 
              B4 05 4B 
              10 B5 03 
              A9 04 4A 
              02 98 00 
              F0 18 F8 
              10 BC 5D 
              F8 14 FB 
              00 00 3D 
              CE 00 08 
              00 00 00 
              20 02 E0 
              08 C8 12 
              1F 08 C1 
              00 2A FA 
              D1 70 47 
              70 47 00 
              20 01 E0 
              01 C1 12 
              1F 00 2A 
              FB D1 70 
              47 00 00 
              2D E9 FF 
              4F 89 B0 
              9B 46 04 
              46 00 25 
              06 E0 25 
              28 0B D0 
              5A 46 0B 
              99 90 47 
              64 1C 6D 
              1C 20 78 
              00 28 F5 
              D1 0D B0 
              28 46 BD 
              E8 F0 8F 
              00 27 B8 
              46 01 22 
              47 49 00 
              E0 07 43 
              14 F8 01 
              3F 20 3B 
              02 FA 03 
              F0 08 42 
              F7 D1 20 
              78 2E 28 
              19 D1 14 
              F8 01 0F 
              47 F0 04 



ARM Macro Assembler    Page 20 


              07 2A 28 
              0E D0 6F 
              F0 2F 02 
              20 78 A0 
              F1 30 01 
              09 29 0C 
              D8 08 EB 
              88 01 02 
              EB 41 01 
              00 EB 01 
              08 64 1C 
              F2 E7 0A 
              98 64 1C 
              50 F8 04 
              8B 0A 90 
              20 78 00 
              28 CE D0 
              64 28 08 
              D0 69 28 
              06 D0 75 
              28 1E D0 
              5A 46 0B 
              99 90 47 
              6D 1C 58 
              E0 0A 99 
              4F F0 0A 
              09 01 C9 
              0A 91 00 
              28 02 DA 
              40 42 2D 
              21 02 E0 
              39 05 04 
              D5 2B 21 
              8D F8 20 
              10 01 21 
              03 E0 F9 
              07 04 D0 
              20 21 F7 
              E7 8A 46 
              08 AE 0D 
              E0 00 21 
              FA E7 0A 
              99 4F F0 
              0A 09 01 
              C9 0A 91 
              F7 E7 49 
              46 FF F7 
              0C FA 30 
              31 06 F8 
              01 1D 00 
              28 F7 D1 
              AD EB 06 
              00 00 F1 
              20 09 78 
              07 01 D4 
              4F F0 01 
              08 C8 45 
              02 DD A8 
              EB 09 00 



ARM Macro Assembler    Page 21 


              00 E0 00 
              20 80 46 
              00 27 06 
              E0 08 A8 
              5A 46 C0 
              5D 0B 99 
              90 47 6D 
              1C 7F 1C 
              57 45 F6 
              DB 04 E0 
              30 20 5A 
              46 0B 99 
              90 47 6D 
              1C B8 F1 
              00 01 A8 
              F1 01 08 
              F5 DC 05 
              E0 16 F8 
              01 0B 5A 
              46 0B 99 
              90 47 6D 
              1C B9 F1 
              00 01 A9 
              F1 01 09 
              F4 DC 64 
              1C 65 E7 
              09 28 01 
              00 08 E0 
              40 1E 0A 
              21 00 BF 
              0A 1E A1 
              F1 01 03 
              99 B2 FA 
              D1 00 BF 
              00 28 F4 
              D1 70 47 
              00 00 70 
              B5 05 46 
              0C 46 08 
              48 84 42 
              03 D1 28 
              46 00 F0 
              4D F8 70 
              BD 05 48 
              84 42 03 
              D1 28 46 
              00 F0 40 
              F8 F7 E7 
              4F F0 FF 
              30 F4 E7 
              00 00 00 
              20 04 00 
              00 20 10 
              B5 0F A0 
              FF F7 0C 
              FF 42 F2 
              10 70 FF 
              F7 D2 FF 
              00 24 09 



ARM Macro Assembler    Page 22 


              E0 21 46 
              0D A0 FF 
              F7 02 FF 
              42 F2 10 
              70 FF F7 
              C8 FF 60 
              1C 84 B2 
              0A 2C F3 
              DB 0D A0 
              FF F7 F7 
              FE 4F F0 
              00 60 FF 
              F7 79 F9 
              00 20 10 
              BD 00 00 
              48 69 20 
              41 50 50 
              0D 0A 00 
              00 00 00 
              41 50 50 
              20 63 6F 
              75 6E 74 
              69 6E 67 
              21 20 6E 
              75 6D 3A 
              20 25 64 
              0D 0A 00 
              42 79 65 
              20 41 50 
              50 0D 0A 
              00 00 00 
              00 B5 03 
              46 18 46 
              FF F7 71 
              FC 00 BD 
              00 B5 03 
              46 18 46 
              FF F7 6B 
              FC 00 BD 
              14 CF 00 
              08 00 00 
              00 20 08 
              00 00 00 
              AC CC 00 
              08 1C CF 
              00 08 08 
              00 00 20 
              00 04 00 
              00 BC CC 
              00 08 00 
              00 00 00 
              00 00 00 
              00               INCBIN           APP\obj\APP_part.bin\APP_ER_IRO
M
    4 00000F1C         
    5 00000F1C                 END
Command Line: --debug --xref --diag_suppress=9931 --cpu=Cortex-M3 --apcs=interw
ork --depend=.\isp\obj\app_bin.d -o.\isp\obj\app_bin.o -I.\RTE\_ISP -IC:\Keil_v
5\ARM\PACK\ARM\CMSIS\5.5.1\CMSIS\Core\Include -IC:\Keil_v5\ARM\PACK\Keil\STM32F



ARM Macro Assembler    Page 23 


2xx_DFP\2.10.0\Drivers\CMSIS\Device\ST\STM32F2xx\Include --predefine="__UVISION
_VERSION SETA 528" --predefine="_RTE_ SETA 1" --predefine="STM32F207xx SETA 1" 
--list=.\listings\app_bin.lst ISP\Src\APP_bin.s



ARM Macro Assembler    Page 1 Alphabetic symbol ordering
Relocatable symbols

APP_IROM 00000000

Symbol: APP_IROM
   Definitions
      At line 1 in file ISP\Src\APP_bin.s
   Uses
      None
Comment: APP_IROM unused
1 symbol
334 symbols in table
