


ARM Macro Assembler    Page 1 


    1 00000000                 AREA             ISP_IROM2, CODE, READONLY
    2 00000000         
    3 00000000 64 29 00 
              F0 F9 80 
              00 20 70 
              47 1F B5 
              9D E8 03 
              00 00 F0 
              E2 FC 00 
              F0 1E FA 
              1F BD 10 
              B5 00 F0 
              83 FA 10 
              BD 00 F0 
              B3 FA 11 
              46 FF F7 
              EF FF 02 
              F0 3A F9 
              00 F0 A2 
              FC 03 B4 
              FF F7 F0 
              FF 03 BC 
              00 F0 3E 
              FE 01 68 
              8D 46 40 
              68 80 47 
              09 48 80 
              47 09 48 
              00 47 FE 
              E7 FE E7 
              FE E7 FE 
              E7 FE E7 
              FE E7 FE 
              E7 FE E7 
              FE E7 FE 
              E7 04 48 
              05 49 05 
              4A 06 4B 
              70 47 00 
              00 11 1E 
              06 08 85 
              01 00 08 
              78 01 00 
              20 78 07 
              00 20 78 
              03 00 20 
              78 03 00 
              20 53 EA 
              02 0C 00 
              F0 69 80 
              2D E9 F0 
              4B 4F F0 
              00 06 00 
              2B 1F BF 
              B3 FA 83 
              F5 03 FA 
              05 F4 24 
              FA 05 F6 
              5E 40 12 



ARM Macro Assembler    Page 2 


              BF 16 43 
              B2 FA 82 
              F5 02 FA 
              05 F4 C5 
              F1 20 05 
              1E BF 22 
              FA 05 FC 
              44 EA 0C 
              04 20 35 
              56 EA 04 
              4C 4F EA 
              14 44 18 
              BF 64 1C 
              4F F0 00 
              08 4F F0 
              00 09 90 
              42 71 EB 
              03 0C 39 
              D3 00 29 
              19 BF B1 
              FA 81 F7 
              01 FA 07 
              F6 B0 FA 
              80 F7 00 
              FA 07 F6 
              C7 F1 20 
              07 1E BF 
              20 FA 07 
              FC 46 EA 
              0C 06 20 
              37 B6 FB 
              F4 FC A7 
              EB 05 07 
              10 3F 07 
              F0 1F 0B 
              CB F1 20 
              06 0C FA 
              0B FB 2C 
              FA 06 F6 
              44 BF B3 
              46 00 26 
              20 2F A4 
              BF 5E 46 
              4F F0 00 
              0B 5B EA 
              06 0C 08 
              BF 4F F0 
              01 0B 19 
              EB 0B 09 
              AB FB 02 
              7C 48 EB 
              06 08 C0 
              1B 06 FB 
              02 CC 0B 
              FB 03 CC 
              71 EB 0C 
              01 C1 E7 
              0B 46 02 
              46 41 46 



ARM Macro Assembler    Page 3 


              48 46 BD 
              E8 F0 8B 
              13 B5 4F 
              F0 00 00 
              4F F0 00 
              01 AF F3 
              00 80 BD 
              E8 1C 40 
              70 47 00 
              00 0F B4 
              04 49 10 
              B5 03 AA 
              02 98 00 
              F0 39 F9 
              10 BC 5D 
              F8 14 FB 
              70 00 00 
              20 2D E9 
              F0 41 0E 
              46 04 46 
              00 20 20 
              62 20 46 
              E1 68 88 
              47 30 B3 
              25 28 05 
              D0 D4 E9 
              01 21 90 
              47 20 6A 
              40 1C F2 
              E7 E1 68 
              20 46 00 
              27 88 47 
              05 00 18 
              D0 A5 F1 
              41 00 19 
              28 02 D8 
              20 35 4F 
              F4 00 67 
              32 46 29 
              46 20 46 
              27 60 FF 
              F7 13 FF 
              40 B1 01 
              28 04 D0 
              F6 1D 26 
              F0 07 06 
              08 36 D8 
              E7 36 1D 
              D6 E7 28 
              46 DA E7 
              20 6A BD 
              E8 F0 81 
              2D E9 F0 
              41 06 46 
              00 24 10 
              68 75 29 
              31 46 16 
              A5 10 D0 
              AF F3 00 



ARM Macro Assembler    Page 4 


              80 00 28 
              02 DA 40 
              42 13 A5 
              07 E0 31 
              68 8A 07 
              01 D5 12 
              A5 02 E0 
              49 07 04 
              D5 11 A5 
              01 24 01 
              E0 AF F3 
              00 80 00 
              21 0A 22 
              06 F1 24 
              07 09 E0 
              B0 FB F2 
              FC B0 FB 
              F2 F3 02 
              FB 1C 00 
              30 30 78 
              54 18 46 
              49 1C 00 
              28 F3 D1 
              23 46 2A 
              46 30 46 
              BD E8 F0 
              41 00 F0 
              73 B8 00 
              00 00 00 
              2D 00 00 
              00 2B 00 
              00 00 20 
              00 00 00 
              4F F0 00 
              02 00 B5 
              13 46 94 
              46 96 46 
              20 39 22 
              BF A0 E8 
              0C 50 A0 
              E8 0C 50 
              B1 F1 20 
              01 BF F4 
              F7 AF 09 
              07 28 BF 
              A0 E8 0C 
              50 48 BF 
              0C C0 5D 
              F8 04 EB 
              89 00 28 
              BF 40 F8 
              04 2B 08 
              BF 70 47 
              48 BF 20 
              F8 02 2B 
              11 F0 80 
              4F 18 BF 
              00 F8 01 
              2B 70 47 



ARM Macro Assembler    Page 5 


              00 00 4F 
              F0 01 3C 
              50 F8 04 
              2B 51 F8 
              04 3B 9A 
              42 21 D1 
              A2 EB 0C 
              03 93 43 
              13 EA CC 
              13 17 D1 
              50 F8 04 
              2B 51 F8 
              04 3B 9A 
              42 15 D1 
              A2 EB 0C 
              03 93 43 
              13 EA CC 
              13 0B D1 
              50 F8 04 
              2B 51 F8 
              04 3B 9A 
              42 09 D1 
              A2 EB 0C 
              03 93 43 
              13 EA CC 
              13 DB D0 
              4F F0 00 
              00 70 47 
              00 BF D0 
              1A 01 BA 
              B1 FA 81 
              F1 01 F0 
              18 01 22 
              FA 01 F0 
              CB 40 C1 
              F1 20 01 
              DB B2 C0 
              B2 C0 1A 
              2C FA 01 
              F3 D1 1A 
              91 43 11 
              EA C3 11 
              E6 D1 70 
              47 70 47 
              70 47 70 
              47 2D E9 
              F0 47 0D 
              46 99 46 
              92 46 04 
              46 00 F1 
              24 08 01 
              68 88 06 
              04 D5 E0 
              69 21 F0 
              10 01 21 
              60 00 E0 
              01 20 A8 
              42 01 DD 
              47 1B 00 



ARM Macro Assembler    Page 6 


              E0 00 27 
              A1 69 7A 
              19 02 EB 
              09 00 08 
              1A A0 61 
              20 78 C0 
              06 02 D4 
              20 46 AF 
              F3 00 80 
              00 26 08 
              E0 D4 E9 
              01 21 1A 
              F8 06 00 
              90 47 20 
              6A 40 1C 
              76 1C 20 
              62 4E 45 
              F4 DB 20 
              78 C0 06 
              0A D5 20 
              46 AF F3 
              00 80 06 
              E0 D4 E9 
              01 21 30 
              20 90 47 
              20 6A 40 
              1C 20 62 
              38 1E A7 
              F1 01 07 
              F4 DC 07 
              E0 D4 E9 
              01 21 18 
              F8 05 00 
              90 47 20 
              6A 40 1C 
              20 62 28 
              1E A5 F1 
              01 05 F3 
              DC 20 46 
              AF F3 00 
              80 20 78 
              00 06 02 
              D5 02 20 
              BD E8 F0 
              87 01 20 
              FB E7 07 
              4B 70 B5 
              0D 46 7B 
              44 00 F0 
              11 F8 04 
              46 28 46 
              00 F0 20 
              F8 10 B1 
              4F F0 FF 
              30 70 BD 
              20 46 70 
              BD 89 1E 
              00 00 01 
              69 4A 1C 



ARM Macro Assembler    Page 7 


              02 61 08 
              78 70 47 
              00 B5 8F 
              B0 CD E9 
              01 31 00 
              21 05 91 
              05 49 79 
              44 CD E9 
              03 10 11 
              46 68 46 
              FF F7 A7 
              FE 0F B0 
              00 BD 00 
              00 E5 FF 
              FF FF 00 
              7B 00 F0 
              80 00 70 
              47 10 B5 
              42 48 54 
              21 FF F7 
              09 FF 41 
              48 54 21 
              FF F7 05 
              FF 40 48 
              54 21 FF 
              F7 01 FF 
              3F 49 3B 
              48 3C 4A 
              3F 4B 08 
              60 3D 49 
              0A 60 3A 
              49 19 60 
              53 1C 03 
              65 48 1C 
              10 65 01 
              20 08 65 
              3B 48 34 
              4A 39 A1 
              78 44 00 
              F0 D4 F9 
              20 B9 38 
              48 78 44 
              0A 38 00 
              F0 73 FA 
              37 48 2F 
              4A 35 A1 
              78 44 00 
              F0 C8 F9 
              20 B9 34 
              48 78 44 
              0A 38 00 
              F0 67 FA 
              32 48 2A 
              4A 2F A1 
              78 44 00 
              F0 BC F9 
              20 B9 2F 
              48 78 44 
              0A 38 00 



ARM Macro Assembler    Page 8 


              F0 5B FA 
              40 23 22 
              48 DC 00 
              00 21 22 
              46 00 F0 
              8C F9 20 
              B1 25 48 
              78 44 54 
              38 00 F0 
              4E FA 1D 
              48 22 46 
              40 23 00 
              21 00 F0 
              80 F9 20 
              B1 21 48 
              78 44 54 
              38 00 F0 
              42 FA 18 
              48 22 46 
              10 23 00 
              21 00 F0 
              74 F9 00 
              28 06 D0 
              1C 48 78 
              44 BD E8 
              10 40 56 
              38 00 F0 
              33 BA 10 
              BD 10 48 
              70 B5 00 
              6D 20 F0 
              01 04 0B 
              48 00 F0 
              FB F9 0B 
              48 00 F0 
              F8 F9 0A 
              48 00 F0 
              F5 F9 09 
              E0 20 6D 
              20 F0 01 
              05 20 46 
              00 F0 EE 
              F9 20 46 
              00 F0 40 
              F8 2C 46 
              00 2C F3 
              D1 70 BD 
              00 00 1C 
              00 00 20 
              70 00 00 
              20 C4 00 
              00 20 10 
              00 00 20 
              14 00 00 
              20 18 00 
              00 20 72 
              00 00 00 
              C2 1E 00 
              00 77 00 



ARM Macro Assembler    Page 9 


              00 00 B1 
              1E 00 00 
              A1 1E 00 
              00 75 46 
              00 F0 03 
              FA AE 46 
              05 00 69 
              46 53 46 
              20 F0 07 
              00 85 46 
              18 B0 20 
              B5 FF F7 
              5E FD BD 
              E8 20 40 
              4F F0 00 
              06 4F F0 
              00 07 4F 
              F0 00 08 
              4F F0 00 
              0B 21 F0 
              07 01 AC 
              46 AC E8 
              C0 09 AC 
              E8 C0 09 
              AC E8 C0 
              09 AC E8 
              C0 09 8D 
              46 70 47 
              70 B5 04 
              46 05 1F 
              00 F0 E0 
              F9 00 68 
              00 2C 14 
              BF 44 68 
              70 BD 00 
              2C 18 BF 
              AC 42 3C 
              BF 20 46 
              64 68 F8 
              D3 01 68 
              0A 18 AA 
              42 18 BF 
              45 60 03 
              D1 2A 68 
              05 46 11 
              44 01 60 
              28 68 41 
              19 A1 42 
              1C BF 6C 
              60 70 BD 
              61 68 69 
              60 21 68 
              08 44 28 
              60 70 BD 
              2D E9 F0 
              47 05 46 
              0C 46 C8 
              68 20 F4 
              20 10 40 



ARM Macro Assembler    Page 10 


              F4 80 00 
              C8 60 80 
              06 02 D5 
              08 46 00 
              F0 FC FA 
              E0 68 41 
              F2 82 01 
              4F F0 FF 
              39 01 40 
              02 29 03 
              D0 20 46 
              00 F0 9A 
              FA B5 E0 
              00 F4 20 
              41 B1 F5 
              00 4F 0F 
              D1 C0 03 
              06 D5 61 
              68 E0 6A 
              88 42 00 
              D8 08 46 
              60 60 06 
              E0 20 69 
              E0 62 60 
              60 60 69 
              01 F0 5C 
              FD A0 61 
              A0 68 00 
              22 EE B2 
              00 28 0D 
              DA E1 68 
              8B 05 0A 
              D4 C0 43 
              A0 60 41 
              F4 90 30 
              22 60 E0 
              60 60 68 
              41 1C 61 
              60 06 70 
              A5 E0 E0 
              68 90 46 
              22 60 40 
              F4 00 50 
              E0 60 20 
              69 68 BB 
              60 69 01 
              F0 4F FD 
              01 27 04 
              F1 24 05 
              A0 B1 A0 
              89 10 F4 
              40 7F 08 
              D0 E0 69 
              00 F0 B0 
              F9 20 61 
              18 B1 E0 
              68 40 F4 
              00 60 16 
              E0 E7 61 



ARM Macro Assembler    Page 11 


              25 61 E0 
              68 20 F4 
              40 70 40 
              F4 80 60 
              0E E0 E0 
              69 00 F0 
              9F F9 00 
              28 20 61 
              F1 D0 E0 
              68 40 F4 
              00 60 10 
              F4 40 7F 
              E0 60 02 
              D1 40 F4 
              80 70 E0 
              60 20 69 
              60 60 E0 
              68 25 69 
              6F F0 01 
              0A C1 05 
              1F D5 61 
              68 E0 6A 
              88 42 00 
              D8 08 46 
              41 1B 04 
              D0 22 46 
              28 46 00 
              F0 34 FA 
              F0 BB E0 
              68 01 02 
              03 D5 E5 
              62 C4 E9 
              01 58 54 
              E0 69 1C 
              E1 62 61 
              60 E1 69 
              40 F4 80 
              30 49 1E 
              C4 E9 02 
              10 30 46 
              2E 70 BD 
              E8 F0 87 
              01 02 02 
              D5 00 F4 
              80 32 0A 
              E0 60 68 
              41 1C 61 
              60 06 70 
              E0 68 0A 
              2E 40 F4 
              80 30 E0 
              60 06 D0 
              00 22 E1 
              6A 60 68 
              81 42 03 
              D9 0B 46 
              02 E0 01 
              22 F7 E7 
              03 46 A7 



ARM Macro Assembler    Page 12 


              89 5B 1B 
              7F 05 03 
              D4 E7 69 
              9F 42 00 
              DD E2 B1 
              81 42 00 
              D8 01 46 
              E5 62 0F 
              1A C4 E9 
              01 58 00 
              2B 09 DD 
              00 E0 05 
              E0 22 46 
              19 46 28 
              46 00 F0 
              EE F9 08 
              B1 48 46 
              C9 E7 47 
              B1 A0 69 
              E5 62 65 
              60 C0 1B 
              A0 61 E0 
              68 40 F0 
              10 00 E0 
              60 E0 68 
              00 02 08 
              D5 61 68 
              A0 69 E5 
              62 49 1B 
              08 44 65 
              60 A0 61 
              50 46 B3 
              E7 30 46 
              B1 E7 70 
              B5 C4 68 
              A5 07 13 
              D0 65 02 
              11 D4 B2 
              F5 80 7F 
              09 D0 B2 
              F5 00 7F 
              06 D0 B2 
              F5 80 6F 
              08 D1 01 
              23 00 F1 
              24 01 06 
              E0 5D 1E 
              6F F0 7F 
              46 B5 42 
              01 D3 01 
              20 70 BD 
              01 61 C3 
              61 41 60 
              24 F4 70 
              61 11 43 
              C1 60 00 
              20 70 BD 
              2D E9 F0 
              41 0C 46 



ARM Macro Assembler    Page 13 


              07 46 16 
              46 10 46 
              00 F0 6E 
              F8 20 78 
              61 1C 61 
              28 0A D0 
              72 28 02 
              D0 77 28 
              3C D1 02 
              E0 01 25 
              00 24 05 
              E0 02 25 
              04 24 02 
              E0 08 24 
              48 F2 02 
              05 11 F8 
              01 0B 2B 
              28 06 D0 
              62 28 09 
              D0 11 F8 
              01 0C 74 
              28 0A D0 
              0B E0 45 
              F0 03 05 
              44 F0 02 
              04 EF E7 
              45 F0 04 
              05 44 F0 
              01 04 EA 
              E7 44 F0 
              10 04 38 
              46 21 46 
              01 F0 6D 
              FC 41 1C 
              15 D0 00 
              21 31 61 
              71 60 4F 
              F4 00 71 
              F5 60 F1 
              61 70 61 
              20 07 04 
              D5 30 46 
              02 22 00 
              21 00 F0 
              E4 F8 30 
              6D 40 F0 
              01 00 30 
              65 30 46 
              BD E8 F0 
              81 00 20 
              FB E7 2D 
              E9 F0 41 
              0D 46 06 
              46 10 4C 
              20 6D C1 
              07 04 D0 
              41 08 04 
              D0 20 F0 
              01 04 F7 



ARM Macro Assembler    Page 14 


              E7 22 46 
              0E E0 54 
              20 00 F0 
              9A F8 07 
              00 0E D0 
              20 6D 47 
              F0 01 01 
              08 43 54 
              21 20 65 
              38 46 FF 
              F7 AC FC 
              3A 46 29 
              46 30 46 
              BD E8 F0 
              41 8D E7 
              00 20 D6 
              E7 1C 00 
              00 20 2D 
              E9 F0 47 
              04 46 4F 
              F0 00 09 
              4F F0 FF 
              37 C5 68 
              D4 E9 04 
              86 A8 07 
              07 D0 20 
              46 00 F0 
              55 F9 30 
              46 01 F0 
              E2 FB 00 
              28 02 DA 
              38 46 BD 
              E8 F0 87 
              28 05 02 
              D5 40 46 
              FF F7 39 
              FE 4C 21 
              20 46 FF 
              F7 82 FC 
              20 6D 20 
              F0 01 00 
              20 65 48 
              46 EE E7 
              10 B5 04 
              46 AF F3 
              00 80 20 
              46 BD E8 
              10 40 FF 
              F7 55 BB 
              10 B5 00 
              F0 7C F9 
              BD E8 10 
              40 00 F0 
              72 B9 00 
              48 70 47 
              18 01 00 
              20 00 48 
              70 47 20 
              01 00 20 



ARM Macro Assembler    Page 15 


              70 47 70 
              47 70 47 
              70 47 38 
              B5 04 46 
              0A 46 00 
              20 69 46 
              AF F3 00 
              80 00 28 
              08 BF 38 
              BD 02 46 
              00 99 20 
              46 00 F0 
              84 F9 01 
              20 38 BD 
              01 20 00 
              F0 D3 B9 
              F8 B5 AF 
              F3 00 80 
              05 46 00 
              20 0C 46 
              10 20 00 
              BF 06 46 
              A8 19 A0 
              42 0D D9 
              32 46 69 
              46 00 20 
              AF F3 00 
              80 07 00 
              08 BF 00 
              F0 BE F9 
              00 98 A0 
              42 18 BF 
              05 46 C4 
              19 FF F7 
              C8 FF 05 
              60 07 46 
              F0 1D 20 
              F0 07 00 
              46 19 28 
              46 00 F0 
              53 F9 B4 
              42 08 BF 
              F8 BD A2 
              1B 31 46 
              38 68 BD 
              E8 F8 40 
              00 F0 50 
              B9 70 B5 
              06 46 FF 
              F7 B1 FF 
              05 68 06 
              F1 0B 00 
              20 F0 07 
              04 B4 42 
              9C BF 00 
              20 70 BD 
              2B 46 6A 
              68 BA B1 
              10 68 A0 



ARM Macro Assembler    Page 16 


              42 10 D3 
              04 F1 08 
              01 88 42 
              3C BF 50 
              68 58 60 
              07 D3 51 
              68 10 19 
              41 60 11 
              68 09 1B 
              01 60 58 
              60 14 60 
              10 1D 70 
              BD 13 46 
              52 68 00 
              2A E7 D1 
              21 46 28 
              46 FF F7 
              91 FF 00 
              28 DE D1 
              70 BD 2D 
              E9 F0 41 
              04 46 16 
              46 0D 46 
              47 69 00 
              7B 80 07 
              2E D0 38 
              46 01 F0 
              59 FB 50 
              BB 3E B3 
              01 2E 02 
              D0 02 2E 
              25 D1 04 
              E0 20 46 
              00 F0 25 
              F9 05 44 
              1D E0 38 
              46 01 F0 
              38 FB E1 
              68 00 28 
              41 F0 10 
              01 E1 60 
              05 DA 20 
              46 00 F0 
              58 F8 01 
              20 BD E8 
              F0 81 C9 
              03 0B D5 
              62 68 E1 
              6A 91 42 
              00 D8 11 
              46 A2 69 
              11 44 22 
              69 89 1A 
              81 42 00 
              DD 08 46 
              05 44 00 
              2D 01 DA 
              02 20 EA 
              E7 E1 6A 



ARM Macro Assembler    Page 17 


              60 68 E2 
              68 81 42 
              06 D2 91 
              03 E0 62 
              03 D5 22 
              F4 00 31 
              41 F0 10 
              02 A6 69 
              00 27 AE 
              42 13 DC 
              E1 6A 81 
              42 01 D9 
              0B 46 00 
              E0 03 46 
              03 EB 06 
              0C 23 69 
              AC EB 03 
              0C AC 45 
              06 DD 81 
              42 01 D9 
              8C 46 00 
              E0 84 46 
              9C 45 05 
              D1 A7 60 
              27 60 42 
              F0 20 00 
              A5 62 0D 
              E0 AD 1B 
              E6 69 AE 
              1B 81 42 
              A6 60 00 
              D9 08 46 
              C0 1A 28 
              1A 20 60 
              58 19 60 
              60 22 F0 
              20 00 03 
              49 08 40 
              E0 60 00 
              20 84 F8 
              48 70 AB 
              E7 00 00 
              BF CF D7 
              FF C1 68 
              21 F4 00 
              11 41 F0 
              80 01 C1 
              60 00 21 
              81 60 01 
              60 70 47 
              2D E9 F0 
              47 81 46 
              14 46 0E 
              46 4F F0 
              FF 38 32 
              48 D5 68 
              57 69 05 
              42 09 D0 
              38 46 A1 



ARM Macro Assembler    Page 18 


              69 01 F0 
              16 FB 00 
              28 11 DB 
              2C 48 C0 
              43 05 40 
              E5 60 2B 
              46 32 46 
              49 46 38 
              46 01 F0 
              20 FB A1 
              69 20 F0 
              00 42 B2 
              1A 11 44 
              00 28 A1 
              61 03 D0 
              20 46 FF 
              F7 CF FF 
              40 46 BD 
              E8 F0 87 
              70 B5 04 
              46 05 69 
              C0 6A 61 
              68 88 42 
              00 D8 08 
              46 E1 68 
              21 F4 20 
              11 E1 60 
              C9 03 12 
              D5 A8 42 
              08 D0 22 
              46 41 1B 
              28 46 FF 
              F7 C1 FF 
              10 B1 4F 
              F0 FF 30 
              70 BD 00 
              20 E5 62 
              C4 E9 01 
              50 E0 68 
              20 F4 80 
              30 E0 60 
              00 20 70 
              BD 10 B5 
              04 46 C0 
              68 20 F0 
              20 00 E0 
              60 A1 6A 
              A0 69 88 
              42 0D D0 
              20 46 FF 
              F7 D0 FF 
              E0 68 20 
              F4 40 50 
              40 F0 10 
              00 E0 60 
              A0 6A A0 
              61 20 69 
              E0 62 60 
              60 44 F2 



ARM Macro Assembler    Page 19 


              40 01 E0 
              68 88 43 
              E0 60 10 
              BD 00 00 
              10 00 02 
              00 00 28 
              01 D0 00 
              F0 1C B8 
              70 47 00 
              00 10 B5 
              01 46 02 
              A0 00 F0 
              5D F8 01 
              20 10 BD 
              00 00 53 
              49 47 52 
              54 52 45 
              44 3A 20 
              52 65 64 
              69 72 65 
              63 74 3A 
              20 63 61 
              6E 27 74 
              20 6F 70 
              65 6E 3A 
              20 00 00 
              00 00 01 
              49 18 20 
              AB BE FE 
              E7 26 00 
              02 00 00 
              21 01 60 
              C0 E9 01 
              10 70 47 
              10 20 70 
              47 03 46 
              40 68 8C 
              46 00 28 
              18 BF 88 
              42 3C BF 
              03 46 40 
              68 F8 D3 
              18 68 18 
              44 88 42 
              07 D0 0C 
              F1 03 00 
              20 F0 07 
              00 00 1D 
              41 1A 52 
              1A 01 46 
              08 1D 0A 
              60 FF F7 
              66 BC 10 
              B5 01 46 
              C2 68 90 
              07 03 D0 
              90 06 07 
              D5 88 6A 
              0A E0 00 



ARM Macro Assembler    Page 20 


              F0 3E F8 
              01 21 01 
              60 88 1E 
              10 BD 8B 
              69 48 68 
              18 44 0B 
              69 C0 1A 
              91 F8 48 
              30 1B B1 
              91 F8 49 
              10 40 1A 
              10 BD 11 
              03 FC D5 
              00 28 FA 
              DD 40 1E 
              10 BD 70 
              B5 05 46 
              0C 46 0A 
              20 00 E0 
              6D 1C 00 
              F0 18 F8 
              35 B1 28 
              78 00 28 
              F8 D1 02 
              E0 64 1C 
              00 F0 10 
              F8 14 B1 
              20 78 00 
              28 F8 D1 
              BD E8 70 
              40 0A 20 
              00 F0 07 
              B8 10 B5 
              00 F0 10 
              F8 BD E8 
              10 40 FF 
              F7 78 BF 
              08 B5 69 
              46 8D F8 
              00 00 03 
              20 AB BE 
              08 BD 70 
              47 00 48 
              70 47 18 
              01 00 20 
              10 B5 01 
              28 05 D0 
              00 21 03 
              A0 FF F7 
              CD FF 01 
              20 10 BD 
              09 A1 F8 
              E7 00 00 
              53 49 47 
              52 54 4D 
              45 4D 3A 
              20 4F 75 
              74 20 6F 
              66 20 68 



ARM Macro Assembler    Page 21 


              65 61 70 
              20 6D 65 
              6D 6F 72 
              79 00 00 
              00 00 3A 
              20 48 65 
              61 70 20 
              6D 65 6D 
              6F 72 79 
              20 63 6F 
              72 72 75 
              70 74 65 
              64 00 10 
              B5 02 A0 
              FF F7 BE 
              F9 10 BD 
              00 00 41 
              44 43 5F 
              49 52 51 
              48 61 6E 
              64 6C 65 
              72 00 00 
              10 B5 02 
              A0 FF F7 
              B0 F9 10 
              BD 00 00 
              43 41 4E 
              31 5F 52 
              58 30 5F 
              49 52 51 
              48 61 6E 
              64 6C 65 
              72 00 10 
              B5 02 A0 
              FF F7 A0 
              F9 10 BD 
              00 00 43 
              41 4E 31 
              5F 52 58 
              31 5F 49 
              52 51 48 
              61 6E 64 
              6C 65 72 
              00 10 B5 
              02 A0 FF 
              F7 90 F9 
              10 BD 00 
              00 43 41 
              4E 31 5F 
              53 43 45 
              5F 49 52 
              51 48 61 
              6E 64 6C 
              65 72 00 
              10 B5 02 
              A0 FF F7 
              80 F9 10 
              BD 00 00 
              43 41 4E 



ARM Macro Assembler    Page 22 


              31 5F 54 
              58 5F 49 
              52 51 48 
              61 6E 64 
              6C 65 72 
              00 00 10 
              B5 02 A0 
              FF F7 70 
              F9 10 BD 
              00 00 43 
              41 4E 32 
              5F 52 58 
              30 5F 49 
              52 51 48 
              61 6E 64 
              6C 65 72 
              00 10 B5 
              02 A0 FF 
              F7 60 F9 
              10 BD 00 
              00 43 41 
              4E 32 5F 
              52 58 31 
              5F 49 52 
              51 48 61 
              6E 64 6C 
              65 72 00 
              10 B5 02 
              A0 FF F7 
              50 F9 10 
              BD 00 00 
              43 41 4E 
              32 5F 53 
              43 45 5F 
              49 52 51 
              48 61 6E 
              64 6C 65 
              72 00 10 
              B5 02 A0 
              FF F7 40 
              F9 10 BD 
              00 00 43 
              41 4E 32 
              5F 54 58 
              5F 49 52 
              51 48 61 
              6E 64 6C 
              65 72 00 
              00 10 B5 
              02 A0 FF 
              F7 30 F9 
              10 BD 00 
              00 44 43 
              4D 49 5F 
              49 52 51 
              48 61 6E 
              64 6C 65 
              72 00 10 
              B5 02 A0 



ARM Macro Assembler    Page 23 


              FF F7 22 
              F9 10 BD 
              00 00 44 
              4D 41 31 
              5F 53 74 
              72 65 61 
              6D 30 5F 
              49 52 51 
              48 61 6E 
              64 6C 65 
              72 00 10 
              B5 02 A0 
              FF F7 10 
              F9 10 BD 
              00 00 44 
              4D 41 31 
              5F 53 74 
              72 65 61 
              6D 31 5F 
              49 52 51 
              48 61 6E 
              64 6C 65 
              72 00 10 
              B5 02 A0 
              FF F7 FE 
              F8 10 BD 
              00 00 44 
              4D 41 31 
              5F 53 74 
              72 65 61 
              6D 32 5F 
              49 52 51 
              48 61 6E 
              64 6C 65 
              72 00 10 
              B5 02 A0 
              FF F7 EC 
              F8 10 BD 
              00 00 44 
              4D 41 31 
              5F 53 74 
              72 65 61 
              6D 33 5F 
              49 52 51 
              48 61 6E 
              64 6C 65 
              72 00 10 
              B5 02 A0 
              FF F7 DA 
              F8 10 BD 
              00 00 44 
              4D 41 31 
              5F 53 74 
              72 65 61 
              6D 34 5F 
              49 52 51 
              48 61 6E 
              64 6C 65 
              72 00 10 



ARM Macro Assembler    Page 24 


              B5 02 A0 
              FF F7 C8 
              F8 10 BD 
              00 00 44 
              4D 41 31 
              5F 53 74 
              72 65 61 
              6D 35 5F 
              49 52 51 
              48 61 6E 
              64 6C 65 
              72 00 10 
              B5 02 A0 
              FF F7 B6 
              F8 10 BD 
              00 00 44 
              4D 41 31 
              5F 53 74 
              72 65 61 
              6D 36 5F 
              49 52 51 
              48 61 6E 
              64 6C 65 
              72 00 10 
              B5 02 A0 
              FF F7 A4 
              F8 10 BD 
              00 00 44 
              4D 41 31 
              5F 53 74 
              72 65 61 
              6D 37 5F 
              49 52 51 
              48 61 6E 
              64 6C 65 
              72 00 10 
              B5 02 A0 
              FF F7 92 
              F8 10 BD 
              00 00 44 
              4D 41 32 
              5F 53 74 
              72 65 61 
              6D 30 5F 
              49 52 51 
              48 61 6E 
              64 6C 65 
              72 00 10 
              B5 02 A0 
              FF F7 80 
              F8 10 BD 
              00 00 44 
              4D 41 32 
              5F 53 74 
              72 65 61 
              6D 31 5F 
              49 52 51 
              48 61 6E 
              64 6C 65 



ARM Macro Assembler    Page 25 


              72 00 10 
              B5 02 A0 
              FF F7 6E 
              F8 10 BD 
              00 00 44 
              4D 41 32 
              5F 53 74 
              72 65 61 
              6D 32 5F 
              49 52 51 
              48 61 6E 
              64 6C 65 
              72 00 10 
              B5 02 A0 
              FF F7 5C 
              F8 10 BD 
              00 00 44 
              4D 41 32 
              5F 53 74 
              72 65 61 
              6D 33 5F 
              49 52 51 
              48 61 6E 
              64 6C 65 
              72 00 10 
              B5 02 A0 
              FF F7 4A 
              F8 10 BD 
              00 00 44 
              4D 41 32 
              5F 53 74 
              72 65 61 
              6D 34 5F 
              49 52 51 
              48 61 6E 
              64 6C 65 
              72 00 10 
              B5 02 A0 
              FF F7 38 
              F8 10 BD 
              00 00 44 
              4D 41 32 
              5F 53 74 
              72 65 61 
              6D 35 5F 
              49 52 51 
              48 61 6E 
              64 6C 65 
              72 00 10 
              B5 02 A0 
              FF F7 26 
              F8 10 BD 
              00 00 44 
              4D 41 32 
              5F 53 74 
              72 65 61 
              6D 36 5F 
              49 52 51 
              48 61 6E 



ARM Macro Assembler    Page 26 


              64 6C 65 
              72 00 10 
              B5 02 A0 
              FF F7 14 
              F8 10 BD 
              00 00 44 
              4D 41 32 
              5F 53 74 
              72 65 61 
              6D 37 5F 
              49 52 51 
              48 61 6E 
              64 6C 65 
              72 00 10 
              B5 02 A0 
              FF F7 02 
              F8 10 BD 
              00 00 45 
              54 48 5F 
              49 52 51 
              48 61 6E 
              64 6C 65 
              72 00 00 
              10 B5 02 
              A0 FE F7 
              F4 FF 10 
              BD 00 00 
              45 54 48 
              5F 57 4B 
              55 50 5F 
              49 52 51 
              48 61 6E 
              64 6C 65 
              72 00 10 
              B5 02 A0 
              FE F7 E4 
              FF 10 BD 
              00 00 45 
              58 54 49 
              30 5F 49 
              52 51 48 
              61 6E 64 
              6C 65 72 
              00 00 00 
              00 10 B5 
              02 A0 FE 
              F7 D4 FF 
              10 BD 00 
              00 45 58 
              54 49 31 
              35 5F 31 
              30 5F 49 
              52 51 48 
              61 6E 64 
              6C 65 72 
              00 00 00 
              00 10 B5 
              02 A0 FE 
              F7 C2 FF 



ARM Macro Assembler    Page 27 


              10 BD 00 
              00 45 58 
              54 49 31 
              5F 49 52 
              51 48 61 
              6E 64 6C 
              65 72 00 
              00 00 00 
              10 B5 02 
              A0 FE F7 
              B2 FF 10 
              BD 00 00 
              45 58 54 
              49 32 5F 
              49 52 51 
              48 61 6E 
              64 6C 65 
              72 00 00 
              00 00 10 
              B5 02 A0 
              FE F7 A2 
              FF 10 BD 
              00 00 45 
              58 54 49 
              33 5F 49 
              52 51 48 
              61 6E 64 
              6C 65 72 
              00 00 00 
              00 10 B5 
              02 A0 FE 
              F7 92 FF 
              10 BD 00 
              00 45 58 
              54 49 34 
              5F 49 52 
              51 48 61 
              6E 64 6C 
              65 72 00 
              00 00 00 
              10 B5 02 
              A0 FE F7 
              82 FF 10 
              BD 00 00 
              45 58 54 
              49 39 5F 
              35 5F 49 
              52 51 48 
              61 6E 64 
              6C 65 72 
              00 00 02 
              E0 02 A0 
              FE F7 72 
              FF FB E7 
              00 00 43 
              6C 6F 63 
              6B 20 45 
              72 72 6F 
              72 00 10 



ARM Macro Assembler    Page 28 


              B5 02 A0 
              FE F7 66 
              FF 10 BD 
              00 00 46 
              4C 41 53 
              48 5F 49 
              52 51 48 
              61 6E 64 
              6C 65 72 
              00 00 00 
              00 10 B5 
              02 A0 FE 
              F7 56 FF 
              10 BD 00 
              00 46 53 
              4D 43 5F 
              49 52 51 
              48 61 6E 
              64 6C 65 
              72 00 01 
              48 00 68 
              70 47 00 
              00 04 00 
              00 20 70 
              B5 04 46 
              0E 48 00 
              78 4F F4 
              7A 71 B1 
              FB F0 F0 
              0C 49 09 
              68 B1 FB 
              F0 F5 28 
              46 00 F0 
              77 FB 08 
              B1 01 20 
              70 BD 10 
              2C 07 D2 
              00 22 21 
              46 50 1E 
              00 F0 0D 
              F8 05 48 
              04 60 01 
              E0 01 20 
              F2 E7 00 
              20 F0 E7 
              0C 00 00 
              20 00 00 
              00 20 08 
              00 00 20 
              2D E9 F0 
              5F 80 46 
              0D 46 16 
              46 00 27 
              00 F0 CA 
              FE 07 46 
              39 46 2A 
              46 33 46 
              01 F0 07 
              00 C0 F1 



ARM Macro Assembler    Page 29 


              07 0A BA 
              F1 04 0F 
              02 D9 4F 
              F0 04 0A 
              01 E0 C0 
              F1 07 0A 
              D1 46 00 
              F1 04 0A 
              BA F1 07 
              0F 02 D2 
              4F F0 00 
              0A 01 E0 
              A0 F1 03 
              0A D4 46 
              4F F0 01 
              0A 0A FA 
              09 FA AA 
              F1 01 0A 
              0A EA 02 
              0A 0A FA 
              0C FA 4F 
              F0 01 0B 
              0B FA 0C 
              FB AB F1 
              01 0B 0B 
              EA 03 0B 
              4A EA 0B 
              04 21 46 
              40 46 00 
              F0 9E FE 
              BD E8 F0 
              9F 70 B5 
              04 46 0D 
              46 0C B9 
              01 20 70 
              BD 5A 48 
              00 68 00 
              F0 0F 00 
              A8 42 09 
              D2 57 49 
              0D 70 08 
              46 00 68 
              00 F0 0F 
              00 A8 42 
              01 D0 01 
              20 EE E7 
              20 78 00 
              F0 02 00 
              02 28 1D 
              D1 20 78 
              00 F0 04 
              00 04 28 
              05 D1 4E 
              48 00 68 
              40 F4 E0 
              50 4C 49 
              08 60 20 
              78 00 F0 
              08 00 08 



ARM Macro Assembler    Page 30 


              28 05 D1 
              49 48 00 
              68 40 F4 
              60 40 47 
              49 08 60 
              46 48 00 
              68 20 F0 
              F0 00 A1 
              68 08 43 
              43 49 08 
              60 20 78 
              00 F0 01 
              00 90 B3 
              60 68 01 
              28 07 D1 
              3E 48 08 
              38 00 68 
              C0 F3 40 
              40 A0 B9 
              01 20 BC 
              E7 60 68 
              02 28 07 
              D1 39 48 
              08 38 00 
              68 C0 F3 
              40 60 48 
              B9 01 20 
              B1 E7 35 
              48 08 38 
              00 68 C0 
              F3 40 00 
              08 B9 01 
              20 A9 E7 
              31 48 00 
              68 20 F0 
              03 00 61 
              68 08 43 
              2E 49 08 
              60 FF F7 
              31 FF 06 
              46 09 E0 
              FF F7 2D 
              FF 80 1B 
              41 F2 88 
              31 88 42 
              02 D9 03 
              20 94 E7 
              07 E0 26 
              48 00 68 
              00 F0 0C 
              00 61 68 
              B0 EB 81 
              0F ED D1 
              21 48 00 
              68 00 F0 
              0F 00 A8 
              42 09 D9 
              1E 49 0D 
              70 08 46 



ARM Macro Assembler    Page 31 


              00 68 00 
              F0 0F 00 
              A8 42 01 
              D0 01 20 
              7B E7 20 
              78 00 F0 
              04 00 04 
              28 07 D1 
              17 48 00 
              68 20 F4 
              E0 50 E1 
              68 08 43 
              14 49 08 
              60 20 78 
              00 F0 08 
              00 08 28 
              08 D1 11 
              48 00 68 
              20 F4 60 
              40 21 69 
              40 EA C1 
              00 0D 49 
              08 60 00 
              F0 20 F8 
              0B 49 09 
              68 01 F0 
              F0 01 F0 
              22 92 FA 
              A2 F2 B2 
              FA 82 F2 
              D1 40 07 
              4A 51 5C 
              C8 40 07 
              49 08 60 
              07 48 00 
              68 FF F7 
              E3 FE 00 
              20 49 E7 
              00 00 00 
              3C 02 40 
              08 38 02 
              40 40 23 
              06 08 00 
              00 00 20 
              08 00 00 
              20 2D E9 
              F0 47 00 
              24 00 25 
              00 26 A1 
              46 25 48 
              00 68 00 
              F0 0C 00 
              20 B1 04 
              28 05 D0 
              08 28 3A 
              D1 05 E0 
              DF F8 84 
              90 39 E0 
              DF F8 84 



ARM Macro Assembler    Page 32 


              90 36 E0 
              1D 48 00 
              1F 00 68 
              00 F0 3F 
              04 1B 48 
              00 1F 00 
              68 00 F4 
              80 00 78 
              B1 1A 48 
              17 49 09 
              1F 09 68 
              C1 F3 88 
              11 A0 FB 
              01 70 01 
              46 22 46 
              00 23 38 
              46 FE F7 
              75 FD 05 
              46 0E E0 
              11 48 0F 
              49 09 1F 
              09 68 C1 
              F3 88 11 
              A0 FB 01 
              70 01 46 
              22 46 00 
              23 38 46 
              FE F7 65 
              FD 05 46 
              08 48 00 
              1F 00 68 
              C0 F3 01 
              40 40 1C 
              46 00 B5 
              FB F6 F9 
              02 E0 DF 
              F8 10 90 
              00 BF 00 
              BF 48 46 
              BD E8 F0 
              87 00 00 
              08 38 02 
              40 00 24 
              F4 00 40 
              78 7D 01 
              F8 B5 04 
              46 0C B9 
              01 20 F8 
              BD 20 78 
              00 F0 01 
              00 00 28 
              48 D0 F7 
              48 00 68 
              00 F0 0C 
              00 04 28 
              0D D0 F4 
              48 00 68 
              00 F0 0C 
              00 08 28 



ARM Macro Assembler    Page 33 


              11 D1 F1 
              48 00 1F 
              00 68 00 
              F4 80 00 
              B0 F5 80 
              0F 09 D1 
              ED 48 08 
              38 00 68 
              C0 F3 40 
              40 70 B3 
              60 68 60 
              BB 01 20 
              DB E7 20 
              79 E8 49 
              89 1F 08 
              70 60 68 
              90 B1 FF 
              F7 48 FE 
              05 46 06 
              E0 FF F7 
              44 FE 40 
              1B 64 28 
              01 D9 03 
              20 CA E7 
              E0 48 08 
              38 00 68 
              C0 F3 40 
              40 00 28 
              F1 D0 11 
              E0 FF F7 
              35 FE 05 
              46 06 E0 
              FF F7 31 
              FE 40 1B 
              64 28 01 
              D9 03 20 
              B7 E7 D6 
              48 08 38 
              00 68 C0 
              F3 40 40 
              00 28 F1 
              D1 20 78 
              00 F0 02 
              00 02 28 
              69 D1 D0 
              48 00 68 
              00 F0 0C 
              00 58 B1 
              CE 48 00 
              68 00 F0 
              0C 00 08 
              28 21 D1 
              CB 48 00 
              1F 00 68 
              00 F4 80 
              00 D8 B9 
              C8 48 08 
              38 00 68 
              C0 F3 40 



ARM Macro Assembler    Page 34 


              00 20 B1 
              E0 68 01 
              28 01 D0 
              01 20 8F 
              E7 C2 48 
              08 38 00 
              68 20 F0 
              F8 00 F8 
              22 92 FA 
              A2 F2 B2 
              FA 82 F2 
              21 69 91 
              40 08 43 
              BC 49 08 
              39 08 60 
              3C E0 E0 
              68 28 B3 
              01 20 B9 
              49 08 60 
              FF F7 EC 
              FD 05 46 
              06 E0 FF 
              F7 E8 FD 
              40 1B 02 
              28 01 D9 
              03 20 6E 
              E7 B2 48 
              08 38 00 
              68 C0 F3 
              40 00 00 
              28 F1 D0 
              AE 48 08 
              38 00 68 
              20 F0 F8 
              00 F8 22 
              92 FA A2 
              F2 B2 FA 
              82 F2 21 
              69 91 40 
              08 43 A8 
              49 08 39 
              08 60 14 
              E0 00 20 
              A6 49 08 
              60 FF F7 
              C6 FD 05 
              46 06 E0 
              FF F7 C2 
              FD 40 1B 
              02 28 01 
              D9 03 20 
              48 E7 9F 
              48 08 38 
              00 68 C0 
              F3 40 00 
              00 28 F1 
              D1 20 78 
              00 F0 08 
              00 08 28 



ARM Macro Assembler    Page 35 


              2C D1 60 
              69 A8 B1 
              01 20 99 
              49 08 60 
              FF F7 AA 
              FD 05 46 
              06 E0 FF 
              F7 A6 FD 
              40 1B 02 
              28 01 D9 
              03 20 2C 
              E7 91 48 
              6C 30 00 
              68 C0 F3 
              40 00 00 
              28 F1 D0 
              14 E0 00 
              20 8E 49 
              08 60 FF 
              F7 94 FD 
              05 46 06 
              E0 FF F7 
              90 FD 40 
              1B 02 28 
              01 D9 03 
              20 16 E7 
              86 48 6C 
              30 00 68 
              C0 F3 40 
              00 00 28 
              F1 D1 20 
              78 00 F0 
              04 00 04 
              28 74 D1 
              00 26 7F 
              48 38 30 
              00 68 00 
              F0 80 50 
              90 B9 00 
              BF 00 20 
              00 90 7B 
              48 38 30 
              00 68 40 
              F0 80 50 
              78 49 38 
              31 08 60 
              08 46 00 
              68 00 F0 
              80 50 00 
              90 00 BF 
              00 BF 01 
              26 76 48 
              00 68 40 
              F4 80 70 
              74 49 08 
              60 08 46 
              00 68 00 
              F4 80 70 
              A8 B9 08 



ARM Macro Assembler    Page 36 


              46 00 68 
              40 F4 80 
              70 08 60 
              FF F7 53 
              FD 05 46 
              06 E0 FF 
              F7 4F FD 
              40 1B 02 
              28 01 D9 
              03 20 D5 
              E6 68 48 
              00 68 00 
              F4 80 70 
              00 28 F2 
              D0 20 7A 
              62 49 68 
              31 08 70 
              A0 68 A0 
              B1 FF F7 
              3C FD 05 
              46 08 E0 
              FF F7 38 
              FD 40 1B 
              41 F2 88 
              31 88 42 
              01 D9 03 
              20 BC E6 
              59 48 68 
              30 00 68 
              C0 F3 40 
              00 00 28 
              EF D0 13 
              E0 FF F7 
              27 FD 05 
              46 08 E0 
              FF F7 23 
              FD 40 1B 
              41 F2 88 
              31 88 42 
              01 D9 03 
              20 A7 E6 
              4E 48 68 
              30 00 68 
              C0 F3 40 
              00 00 28 
              EF D1 01 
              2E 07 D1 
              4A 48 38 
              30 00 68 
              20 F0 80 
              50 47 49 
              38 31 08 
              60 00 BF 
              A0 69 00 
              28 4B D0 
              44 48 00 
              68 00 F0 
              0C 00 08 
              28 5C D0 



ARM Macro Assembler    Page 37 


              A0 69 02 
              28 43 D1 
              00 20 40 
              49 08 66 
              FF F7 F9 
              FC 05 46 
              06 E0 FF 
              F7 F5 FC 
              40 1B 64 
              28 01 D9 
              03 20 7B 
              E6 38 48 
              08 38 00 
              68 C0 F3 
              40 60 00 
              28 F1 D1 
              D4 E9 07 
              01 08 43 
              61 6A 40 
              EA 81 11 
              2C 20 00 
              5D 41 EA 
              00 61 01 
              22 A0 6A 
              C2 EB 50 
              00 41 EA 
              00 40 2D 
              49 09 1F 
              09 68 2F 
              4A 11 40 
              08 43 2A 
              49 09 1F 
              08 60 01 
              20 29 49 
              08 66 FF 
              F7 CB FC 
              05 46 06 
              E0 FF F7 
              C7 FC 40 
              1B 64 28 
              01 D9 03 
              20 4D E6 
              21 48 08 
              38 00 68 
              C0 F3 40 
              60 00 28 
              F1 D0 38 
              E0 00 20 
              1E 49 08 
              66 FF F7 
              B5 FC 05 
              46 06 E0 
              FF F7 B1 
              FC 40 1B 
              64 28 01 
              D9 03 20 
              37 E6 16 
              48 08 38 
              00 68 C0 



ARM Macro Assembler    Page 38 


              F3 40 60 
              00 28 F1 
              D1 22 E0 
              A0 69 01 
              28 00 D1 
              2B E6 10 
              48 00 1F 
              01 68 01 
              F4 80 02 
              E0 69 82 
              42 13 D1 
              01 F0 3F 
              02 20 6A 
              82 42 0E 
              D1 C1 F3 
              88 12 60 
              6A 90 42 
              09 D1 01 
              F4 40 32 
              A0 6A 82 
              42 04 D1 
              01 F0 70 
              62 E0 6A 
              82 42 01 
              D0 01 20 
              0D E6 00 
              BF 00 20 
              0A E6 00 
              00 08 38 
              02 40 00 
              00 47 42 
              80 0E 47 
              42 00 70 
              00 40 00 
              80 BC F0 
              70 B5 04 
              46 25 46 
              68 1E B0 
              F1 80 7F 
              01 D3 01 
              20 0F E0 
              68 1E 4F 
              F0 E0 21 
              48 61 0F 
              21 4F F0 
              FF 30 00 
              F0 68 FB 
              00 20 4F 
              F0 E0 21 
              88 61 07 
              20 08 61 
              00 20 70 
              BD 10 B5 
              02 A0 FE 
              F7 A2 FB 
              10 BD 00 
              00 48 41 
              53 48 5F 
              52 4E 47 



ARM Macro Assembler    Page 39 


              5F 49 52 
              51 48 61 
              6E 64 6C 
              65 72 00 
              00 BF FE 
              E7 10 B5 
              02 A0 FE 
              F7 90 FB 
              10 BD 00 
              00 49 32 
              43 31 5F 
              45 52 5F 
              49 52 51 
              48 61 6E 
              64 6C 65 
              72 00 00 
              10 B5 02 
              A0 FE F7 
              80 FB 10 
              BD 00 00 
              49 32 43 
              31 5F 45 
              56 5F 49 
              52 51 48 
              61 6E 64 
              6C 65 72 
              00 00 10 
              B5 02 A0 
              FE F7 70 
              FB 10 BD 
              00 00 49 
              32 43 32 
              5F 45 52 
              5F 49 52 
              51 48 61 
              6E 64 6C 
              65 72 00 
              00 10 B5 
              02 A0 FE 
              F7 60 FB 
              10 BD 00 
              00 49 32 
              43 32 5F 
              45 56 5F 
              49 52 51 
              48 61 6E 
              64 6C 65 
              72 00 00 
              10 B5 02 
              A0 FE F7 
              50 FB 10 
              BD 00 00 
              49 32 43 
              33 5F 45 
              52 5F 49 
              52 51 48 
              61 6E 64 
              6C 65 72 
              00 00 10 



ARM Macro Assembler    Page 40 


              B5 02 A0 
              FE F7 40 
              FB 10 BD 
              00 00 49 
              32 43 33 
              5F 45 56 
              5F 49 52 
              51 48 61 
              6E 64 6C 
              65 72 00 
              00 10 B5 
              0F A0 FE 
              F7 30 FB 
              42 F2 10 
              70 00 F0 
              A8 FB 00 
              24 09 E0 
              21 46 0E 
              A0 FE F7 
              26 FB 42 
              F2 10 70 
              00 F0 9E 
              FB 60 1C 
              84 B2 0A 
              2C F3 DB 
              0F A0 FE 
              F7 1B FB 
              12 48 12 
              49 08 60 
              FE F7 7A 
              FA 10 BD 
              00 00 48 
              69 20 49 
              53 50 46 
              75 6E 63 
              0D 0A 00 
              00 00 00 
              49 53 50 
              46 75 6E 
              63 20 63 
              6F 75 6E 
              74 69 6E 
              67 21 20 
              6E 75 6D 
              3A 20 25 
              64 0D 0A 
              00 42 79 
              65 20 49 
              53 50 46 
              75 6E 63 
              0D 0A 00 
              00 00 00 
              C0 00 08 
              08 ED 00 
              E0 0A 49 
              09 68 01 
              F0 01 01 
              71 B1 08 
              49 80 39 



ARM Macro Assembler    Page 41 


              09 68 01 
              F0 01 01 
              41 B1 00 
              BF 4F F0 
              60 41 09 
              68 00 29 
              FA D0 4F 
              F0 60 42 
              10 70 70 
              47 00 00 
              80 0E 00 
              E0 10 B5 
              02 A0 FE 
              F7 D6 FA 
              10 BD 00 
              00 4F 54 
              47 5F 46 
              53 5F 49 
              52 51 48 
              61 6E 64 
              6C 65 72 
              00 00 00 
              10 B5 02 
              A0 FE F7 
              C6 FA 10 
              BD 00 00 
              4F 54 47 
              5F 46 53 
              5F 57 4B 
              55 50 5F 
              49 52 51 
              48 61 6E 
              64 6C 65 
              72 00 00 
              10 B5 02 
              A0 FE F7 
              B4 FA 10 
              BD 00 00 
              4F 54 47 
              5F 48 53 
              5F 45 50 
              31 5F 49 
              4E 5F 49 
              52 51 48 
              61 6E 64 
              6C 65 72 
              00 00 00 
              00 10 B5 
              02 A0 FE 
              F7 A0 FA 
              10 BD 00 
              00 4F 54 
              47 5F 48 
              53 5F 45 
              50 31 5F 
              4F 55 54 
              5F 49 52 
              51 48 61 
              6E 64 6C 



ARM Macro Assembler    Page 42 


              65 72 00 
              00 00 10 
              B5 02 A0 
              FE F7 8C 
              FA 10 BD 
              00 00 4F 
              54 47 5F 
              48 53 5F 
              49 52 51 
              48 61 6E 
              64 6C 65 
              72 00 00 
              00 10 B5 
              02 A0 FE 
              F7 7C FA 
              10 BD 00 
              00 4F 54 
              47 5F 48 
              53 5F 57 
              4B 55 50 
              5F 49 52 
              51 48 61 
              6E 64 6C 
              65 72 00 
              00 10 B5 
              02 A0 FE 
              F7 6A FA 
              10 BD 00 
              00 50 56 
              44 5F 49 
              52 51 48 
              61 6E 64 
              6C 65 72 
              00 00 10 
              B5 02 A0 
              FE F7 5C 
              FA 10 BD 
              00 00 52 
              43 43 5F 
              49 52 51 
              48 61 6E 
              64 6C 65 
              72 00 00 
              10 B5 02 
              A0 FE F7 
              4E FA 10 
              BD 00 00 
              52 54 43 
              5F 41 6C 
              61 72 6D 
              5F 49 52 
              51 48 61 
              6E 64 6C 
              65 72 00 
              00 00 00 
              10 B5 02 
              A0 FE F7 
              3C FA 10 
              BD 00 00 



ARM Macro Assembler    Page 43 


              52 54 43 
              5F 57 4B 
              55 50 5F 
              49 52 51 
              48 61 6E 
              64 6C 65 
              72 00 10 
              B5 02 A0 
              FE F7 2C 
              FA 10 BD 
              00 00 53 
              44 49 4F 
              5F 49 52 
              51 48 61 
              6E 64 6C 
              65 72 00 
              10 B5 02 
              A0 FE F7 
              1E FA 10 
              BD 00 00 
              49 32 43 
              32 5F 45 
              52 5F 49 
              52 51 48 
              61 6E 64 
              6C 65 72 
              00 00 10 
              B5 02 A0 
              FE F7 0E 
              FA 10 BD 
              00 00 53 
              50 49 32 
              5F 49 52 
              51 48 61 
              6E 64 6C 
              65 72 00 
              10 B5 02 
              A0 FE F7 
              00 FA 10 
              BD 00 00 
              53 50 49 
              33 5F 49 
              52 51 48 
              61 6E 64 
              6C 65 72 
              00 70 47 
              00 00 00 
              B5 91 B0 
              30 21 05 
              A8 FE F7 
              6A FA 14 
              21 68 46 
              FE F7 66 
              FA 02 20 
              05 90 01 
              20 08 90 
              10 20 09 
              90 02 20 
              0B 90 00 



ARM Macro Assembler    Page 44 


              21 0C 91 
              0D 21 0D 
              91 C3 21 
              0E 91 02 
              21 0F 91 
              04 21 10 
              91 0F 48 
              00 68 0F 
              49 88 42 
              05 D0 05 
              A8 FF F7 
              0C FC 08 
              B1 FF F7 
              57 FA 0F 
              20 00 90 
              02 20 01 
              90 00 20 
              02 90 4F 
              F4 A0 50 
              03 90 4F 
              F4 80 50 
              04 90 03 
              21 68 46 
              FF F7 DB 
              FA 08 B1 
              FF F7 44 
              FA 11 B0 
              00 BD 04 
              38 02 40 
              CD 30 00 
              24 70 47 
              00 00 10 
              B5 02 A0 
              FE F7 AE 
              F9 10 BD 
              00 00 54 
              41 4D 50 
              5F 53 54 
              41 4D 50 
              5F 49 52 
              51 48 61 
              6E 64 6C 
              65 72 00 
              00 00 10 
              B5 02 A0 
              FE F7 9C 
              F9 10 BD 
              00 00 54 
              49 4D 31 
              5F 42 52 
              4B 5F 54 
              49 4D 39 
              5F 49 52 
              51 48 61 
              6E 64 6C 
              65 72 00 
              00 00 00 
              10 B5 02 
              A0 FE F7 



ARM Macro Assembler    Page 45 


              88 F9 10 
              BD 00 00 
              54 49 4D 
              31 5F 43 
              43 5F 49 
              52 51 48 
              61 6E 64 
              6C 65 72 
              00 00 10 
              B5 02 A0 
              FE F7 78 
              F9 10 BD 
              00 00 54 
              49 4D 31 
              5F 54 52 
              47 5F 43 
              4F 4D 5F 
              54 49 4D 
              31 31 5F 
              49 52 51 
              48 61 6E 
              64 6C 65 
              72 00 00 
              00 10 B5 
              02 A0 FE 
              F7 62 F9 
              10 BD 00 
              00 54 49 
              4D 31 5F 
              55 50 5F 
              54 49 4D 
              31 30 5F 
              49 52 51 
              48 61 6E 
              64 6C 65 
              72 00 00 
              00 00 10 
              B5 02 A0 
              FE F7 4E 
              F9 10 BD 
              00 00 54 
              49 4D 33 
              5F 49 52 
              51 48 61 
              6E 64 6C 
              65 72 00 
              10 B5 02 
              A0 FE F7 
              40 F9 10 
              BD 00 00 
              54 49 4D 
              34 5F 49 
              52 51 48 
              61 6E 64 
              6C 65 72 
              00 10 B5 
              02 A0 FE 
              F7 32 F9 
              10 BD 00 



ARM Macro Assembler    Page 46 


              00 54 49 
              4D 35 5F 
              49 52 51 
              48 61 6E 
              64 6C 65 
              72 00 10 
              B5 02 A0 
              FE F7 24 
              F9 10 BD 
              00 00 54 
              49 4D 36 
              5F 44 41 
              43 5F 49 
              52 51 48 
              61 6E 64 
              6C 65 72 
              00 10 B5 
              02 A0 FE 
              F7 14 F9 
              10 BD 00 
              00 54 49 
              4D 37 5F 
              49 52 51 
              48 61 6E 
              64 6C 65 
              72 00 10 
              B5 02 A0 
              FE F7 06 
              F9 10 BD 
              00 00 54 
              49 4D 38 
              5F 42 52 
              4B 5F 54 
              49 4D 31 
              32 5F 49 
              52 51 48 
              61 6E 64 
              6C 65 72 
              00 00 00 
              10 B5 02 
              A0 FE F7 
              F2 F8 10 
              BD 00 00 
              54 49 4D 
              38 5F 43 
              43 5F 49 
              52 51 48 
              61 6E 64 
              6C 65 72 
              00 00 10 
              B5 02 A0 
              FE F7 E2 
              F8 10 BD 
              00 00 54 
              49 4D 38 
              5F 54 52 
              47 5F 43 
              4F 4D 5F 
              54 49 4D 



ARM Macro Assembler    Page 47 


              31 34 5F 
              49 52 51 
              48 61 6E 
              64 6C 65 
              72 00 00 
              00 10 B5 
              02 A0 FE 
              F7 CC F8 
              10 BD 00 
              00 54 49 
              4D 38 5F 
              55 50 5F 
              54 49 4D 
              31 33 5F 
              49 52 51 
              48 61 6E 
              64 6C 65 
              72 00 00 
              00 00 10 
              B5 02 A0 
              FE F7 B8 
              F8 10 BD 
              00 00 55 
              41 52 54 
              34 5F 49 
              52 51 48 
              61 6E 64 
              6C 65 72 
              00 00 00 
              00 10 B5 
              02 A0 FE 
              F7 A8 F8 
              10 BD 00 
              00 55 41 
              52 54 35 
              5F 49 52 
              51 48 61 
              6E 64 6C 
              65 72 00 
              00 00 00 
              10 B5 02 
              A0 FE F7 
              98 F8 10 
              BD 00 00 
              55 53 41 
              52 54 31 
              5F 49 52 
              51 48 61 
              6E 64 6C 
              65 72 00 
              00 00 10 
              B5 02 A0 
              FE F7 88 
              F8 10 BD 
              00 00 55 
              53 41 52 
              54 32 5F 
              49 52 51 
              48 61 6E 



ARM Macro Assembler    Page 48 


              64 6C 65 
              72 00 00 
              00 10 B5 
              02 A0 FE 
              F7 78 F8 
              10 BD 00 
              00 55 53 
              41 52 54 
              33 5F 49 
              52 51 48 
              61 6E 64 
              6C 65 72 
              00 00 00 
              10 B5 02 
              A0 FE F7 
              68 F8 10 
              BD 00 00 
              55 53 41 
              52 54 36 
              5F 49 52 
              51 48 61 
              6E 64 6C 
              65 72 00 
              00 00 10 
              B5 02 A0 
              FE F7 58 
              F8 10 BD 
              00 00 57 
              57 44 47 
              5F 49 52 
              51 48 61 
              6E 64 6C 
              65 72 00 
              02 48 00 
              68 C0 F3 
              02 20 70 
              47 00 00 
              0C ED 00 
              E0 10 B5 
              00 28 04 
              DB 0A 07 
              13 0E 05 
              4A 13 54 
              06 E0 0A 
              07 14 0E 
              03 4A 00 
              F0 0F 03 
              1B 1F D4 
              54 10 BD 
              00 E4 00 
              E0 18 ED 
              00 E0 01 
              46 6F F4 
              00 40 08 
              44 20 B1 
              01 28 04 
              D0 02 28 
              06 D1 03 
              E0 00 20 



ARM Macro Assembler    Page 49 


              70 47 00 
              20 FC E7 
              00 20 FA 
              E7 4F F0 
              FF 30 F7 
              E7 01 46 
              6F F4 00 
              40 08 44 
              20 B1 01 
              28 04 D0 
              02 28 06 
              D1 03 E0 
              00 20 70 
              47 00 20 
              FC E7 00 
              20 FA E7 
              00 20 F8 
              E7 01 46 
              6F F4 00 
              40 08 44 
              20 B1 01 
              28 04 D0 
              02 28 06 
              D1 03 E0 
              01 20 70 
              47 01 20 
              FC E7 01 
              20 FA E7 
              00 20 F8 
              E7 00 00 
              70 B5 04 
              46 0D 46 
              14 B9 4F 
              F0 FF 30 
              70 BD 20 
              78 3A 28 
              1A D1 0E 
              A1 20 46 
              FE F7 90 
              F8 10 B9 
              48 F2 01 
              00 F3 E7 
              0C A1 20 
              46 FE F7 
              88 F8 10 
              B9 48 F2 
              02 00 EB 
              E7 0A A1 
              20 46 FE 
              F7 80 F8 
              10 B9 48 
              F2 03 00 
              E3 E7 4F 
              F0 FF 30 
              E0 E7 4F 
              F0 FF 30 
              DD E7 3A 
              53 54 44 
              49 4E 00 



ARM Macro Assembler    Page 50 


              00 3A 53 
              54 44 4F 
              55 54 00 
              3A 53 54 
              44 45 52 
              52 00 02 
              46 6F F4 
              00 40 10 
              44 20 B1 
              01 28 05 
              D0 02 28 
              09 D1 05 
              E0 4F F0 
              FF 30 70 
              47 4F F0 
              FF 30 FB 
              E7 4F F0 
              FF 30 F8 
              E7 4F F0 
              FF 30 F5 
              E7 2D E9 
              F0 41 07 
              46 0C 46 
              15 46 98 
              46 6F F4 
              00 40 38 
              44 20 B1 
              01 28 06 
              D0 02 28 
              1A D1 0E 
              E0 4F F0 
              FF 30 BD 
              E8 F0 81 
              05 E0 14 
              F8 01 6B 
              30 46 00 
              F0 75 F8 
              6D 1E 00 
              2D F7 D1 
              00 20 F2 
              E7 05 E0 
              14 F8 01 
              6B 30 46 
              00 F0 64 
              F8 6D 1E 
              00 2D F7 
              D1 00 20 
              E7 E7 4F 
              F0 FF 30 
              E4 E7 08 
              E0 40 1E 
              0A 21 00 
              BF 0A 1E 
              A1 F1 01 
              03 99 B2 
              FA D1 00 
              BF 00 28 
              F4 D1 70 
              47 8A 68 



ARM Macro Assembler    Page 51 


              00 2A 01 
              DC FE F7 
              C8 B9 52 
              1E 8A 60 
              4A 68 C0 
              B2 53 1C 
              4B 60 10 
              70 70 47 
              10 B5 12 
              48 00 68 
              12 49 88 
              42 01 D1 
              FF F7 2E 
              FC FF F7 
              6C FD 0F 
              A0 FD F7 
              5D FF 42 
              F2 10 70 
              FF F7 D5 
              FF 00 24 
              09 E0 21 
              46 0D A0 
              FD F7 53 
              FF 42 F2 
              10 70 FF 
              F7 CB FF 
              60 1C 84 
              B2 0A 2C 
              F3 DB 0E 
              A0 FD F7 
              48 FF FF 
              F7 12 FC 
              00 20 10 
              BD 08 ED 
              00 E0 00 
              C0 00 08 
              48 69 20 
              49 53 50 
              0D 0A 00 
              00 00 00 
              49 53 50 
              20 63 6F 
              75 6E 74 
              69 6E 67 
              21 20 6E 
              75 6D 3A 
              20 25 64 
              0D 0A 00 
              42 79 65 
              20 49 53 
              50 0D 0A 
              00 00 00 
              00 B5 03 
              46 18 46 
              FF F7 31 
              FC 00 BD 
              00 B5 03 
              46 18 46 
              FF F7 2B 



ARM Macro Assembler    Page 52 


              FC 00 BD 
              00 00 00 
              00 00 00 
              00 00 01 
              02 03 04 
              06 07 08 
              09 00 00 
              00 00 01 
              02 03 04 
              3A 53 54 
              44 49 4E 
              00 3A 53 
              54 44 4F 
              55 54 00 
              3A 53 54 
              44 45 52 
              52 00 00 
              00 24 F4 
              00 00 00 
              00 00 10 
              00 00 00 
              01 00 00 
              00 00 00 
              00 00 00 
              00 00 00 
              00 00 00 
              00               INCBIN           ISP\obj\ISP_part.bin\ISP_ER_IRO
M2
    4 0000238C         
    5 0000238C                 END
Command Line: --debug --xref --diag_suppress=9931 --cpu=Cortex-M3 --apcs=interw
ork --depend=.\app\obj\isp2_bin.d -o.\app\obj\isp2_bin.o -I.\RTE\_APP -IC:\Keil
_v5\ARM\PACK\ARM\CMSIS\5.5.1\CMSIS\Core\Include -IC:\Keil_v5\ARM\PACK\Keil\STM3
2F2xx_DFP\2.10.0\Drivers\CMSIS\Device\ST\STM32F2xx\Include --predefine="__MICRO
LIB SETA 1" --predefine="__UVISION_VERSION SETA 528" --predefine="_RTE_ SETA 1"
 --predefine="STM32F207xx SETA 1" --list=.\listings\isp2_bin.lst APP\Src\ISP2_b
in.s



ARM Macro Assembler    Page 1 Alphabetic symbol ordering
Relocatable symbols

ISP_IROM2 00000000

Symbol: ISP_IROM2
   Definitions
      At line 1 in file APP\Src\ISP2_bin.s
   Uses
      None
Comment: ISP_IROM2 unused
1 symbol
335 symbols in table
